[2022-03-20T11:55:37.496] [INFO] http - ::1 - - "GET /articles HTTP/1.1" 200 17 "" "Mozilla/5.0 (Windows NT 10.0; Win64; x64) AppleWebKit/537.36 (KHTML, like Gecko) Chrome/99.0.4844.74 Safari/537.36 Edg/99.0.1150.46"
[2022-03-20T11:57:36.705] [ERROR] http - ::1 - - "GET /articles/2222 HTTP/1.1" 500 64 "" "Mozilla/5.0 (Windows NT 10.0; Win64; x64) AppleWebKit/537.36 (KHTML, like Gecko) Chrome/99.0.4844.74 Safari/537.36 Edg/99.0.1150.46"
[2022-03-20T12:01:20.817] [ERROR] http - ::1 - - "GET /articles/2222 HTTP/1.1" 500 64 "" "Mozilla/5.0 (Windows NT 10.0; Win64; x64) AppleWebKit/537.36 (KHTML, like Gecko) Chrome/99.0.4844.74 Safari/537.36 Edg/99.0.1150.46"
[2022-03-20T12:02:19.258] [ERROR] http - ::1 - - "GET /articles/111111 HTTP/1.1" 500 66 "" "Mozilla/5.0 (Windows NT 10.0; Win64; x64) AppleWebKit/537.36 (KHTML, like Gecko) Chrome/99.0.4844.74 Safari/537.36 Edg/99.0.1150.46"
[2022-03-20T12:09:25.806] [ERROR] http - ::1 - - "POST /users/login HTTP/1.1" 405 - "" "PostmanRuntime/7.6.0"
[2022-03-20T12:10:12.861] [ERROR] http - ::1 - - "POST /users/login HTTP/1.1" 404 55 "" "PostmanRuntime/7.6.0"
[2022-03-20T12:11:25.056] [INFO] http - ::1 - - "POST /users/login HTTP/1.1" 200 57 "" "PostmanRuntime/7.6.0"
[2022-03-20T12:19:32.678] [INFO] http - ::1 - - "POST /users/login HTTP/1.1" 200 57 "" "PostmanRuntime/7.6.0"
[2022-03-20T12:21:49.636] [INFO] http - ::1 - - "POST /users/login HTTP/1.1" 200 57 "" "PostmanRuntime/7.6.0"
[2022-03-20T12:27:35.145] [INFO] http - ::1 - - "POST /users/login HTTP/1.1" 200 91 "" "PostmanRuntime/7.6.0"
[2022-03-20T12:33:12.502] [ERROR] http - ::1 - - "POST /users/login HTTP/1.1" 400 62 "" "PostmanRuntime/7.6.0"
[2022-03-20T12:45:36.223] [INFO] http - ::1 - - "POST /users/login HTTP/1.1" 200 308 "" "PostmanRuntime/7.6.0"
[2022-03-20T12:48:57.586] [INFO] http - ::1 - - "POST /users/login HTTP/1.1" 200 40 "" "PostmanRuntime/7.6.0"
[2022-03-20T12:49:11.207] [INFO] http - ::1 - - "POST /users/login HTTP/1.1" 200 40 "" "PostmanRuntime/7.6.0"
[2022-03-20T13:09:46.479] [INFO] http - ::1 - - "POST /users/login HTTP/1.1" 200 40 "" "PostmanRuntime/7.6.0"
[2022-03-20T13:09:57.309] [INFO] http - ::1 - - "POST /users/login HTTP/1.1" 200 40 "" "PostmanRuntime/7.6.0"
[2022-03-20T13:12:48.373] [ERROR] http - ::1 - - "POST /users/login HTTP/1.1" 500 78 "" "PostmanRuntime/7.6.0"
[2022-03-20T13:14:17.128] [ERROR] http - ::1 - - "POST /users/login HTTP/1.1" 500 62 "" "PostmanRuntime/7.6.0"
[2022-03-20T13:20:50.890] [INFO] http - ::1 - - "POST /users/login HTTP/1.1" 200 81 "" "PostmanRuntime/7.6.0"
[2022-03-20T13:29:25.224] [INFO] http - ::1 - - "POST /users/login HTTP/1.1" 200 81 "" "PostmanRuntime/7.6.0"
[2022-03-20T13:29:29.040] [ERROR] http - ::1 - - "POST /users/login HTTP/1.1" 500 62 "" "PostmanRuntime/7.6.0"
[2022-03-20T13:29:43.884] [ERROR] http - ::1 - - "POST /users/login HTTP/1.1" 500 78 "" "PostmanRuntime/7.6.0"
[2022-03-20T13:30:06.930] [ERROR] http - ::1 - - "POST /users/login HTTP/1.1" 500 62 "" "PostmanRuntime/7.6.0"
[2022-03-20T13:31:21.890] [ERROR] http - ::1 - - "POST /users/login HTTP/1.1" 500 89 "" "PostmanRuntime/7.6.0"
[2022-03-20T16:47:07.984] [ERROR] http - ::1 - - "POST /users/login HTTP/1.1" 500 89 "" "PostmanRuntime/7.6.0"
[2022-03-20T16:52:54.703] [ERROR] http - ::1 - - "POST /users/login HTTP/1.1" 400 89 "" "PostmanRuntime/7.6.0"
[2022-03-20T17:00:23.295] [ERROR] http - ::1 - - "POST /users/login HTTP/1.1" 400 88 "" "PostmanRuntime/7.6.0"
[2022-03-20T17:00:27.722] [ERROR] http - ::1 - - "POST /users/login HTTP/1.1" 400 88 "" "PostmanRuntime/7.6.0"
[2022-03-20T17:00:33.882] [ERROR] http - ::1 - - "POST /users/login HTTP/1.1" 400 88 "" "PostmanRuntime/7.6.0"
[2022-03-20T17:00:44.121] [ERROR] http - ::1 - - "POST /users/login HTTP/1.1" 400 88 "" "PostmanRuntime/7.6.0"
[2022-03-20T17:01:04.504] [ERROR] http - ::1 - - "POST /users/login HTTP/1.1" 400 88 "" "PostmanRuntime/7.6.0"
[2022-03-20T17:03:02.228] [ERROR] http - ::1 - - "POST /users/login HTTP/1.1" 400 88 "" "PostmanRuntime/7.6.0"
[2022-03-20T17:03:08.372] [ERROR] http - ::1 - - "POST /users/login HTTP/1.1" 400 88 "" "PostmanRuntime/7.6.0"
[2022-03-20T17:05:17.554] [ERROR] http - ::1 - - "POST /users/login HTTP/1.1" 400 129 "" "PostmanRuntime/7.6.0"
[2022-03-20T17:06:29.116] [INFO] http - ::1 - - "POST /users/login HTTP/1.1" 200 83 "" "PostmanRuntime/7.6.0"
[2022-03-20T17:21:40.053] [ERROR] http - ::1 - - "POST /users/login HTTP/1.1" 404 55 "" "PostmanRuntime/7.6.0"
[2022-03-20T17:22:44.602] [ERROR] http - ::1 - - "POST /users/login HTTP/1.1" 400 88 "" "PostmanRuntime/7.6.0"
[2022-03-20T17:26:07.738] [ERROR] http - ::1 - - "POST /users/login HTTP/1.1" 400 76 "" "PostmanRuntime/7.6.0"
[2022-03-20T17:27:57.714] [ERROR] http - ::1 - - "POST /users/login HTTP/1.1" 400 76 "" "PostmanRuntime/7.6.0"
[2022-03-20T17:29:17.777] [ERROR] http - ::1 - - "POST /users/login HTTP/1.1" 400 76 "" "PostmanRuntime/7.6.0"
[2022-03-20T17:30:27.275] [ERROR] http - ::1 - - "POST /users/login HTTP/1.1" 400 76 "" "PostmanRuntime/7.6.0"
[2022-03-20T17:31:54.708] [ERROR] http - ::1 - - "POST /users/login HTTP/1.1" 404 55 "" "PostmanRuntime/7.6.0"
[2022-03-20T17:46:56.545] [INFO] http - ::1 - - "POST /users/login HTTP/1.1" 200 246 "" "PostmanRuntime/7.6.0"
[2022-03-20T17:47:20.043] [ERROR] http - ::1 - - "POST /users/login HTTP/1.1" 400 88 "" "PostmanRuntime/7.6.0"
[2022-03-20T17:47:25.774] [INFO] http - ::1 - - "POST /users/login HTTP/1.1" 200 246 "" "PostmanRuntime/7.6.0"
[2022-03-20T17:48:20.519] [ERROR] http - ::1 - - "POST /users/login HTTP/1.1" 400 79 "" "PostmanRuntime/7.6.0"
[2022-03-20T17:48:42.363] [ERROR] http - ::1 - - "POST /users/login HTTP/1.1" 400 76 "" "PostmanRuntime/7.6.0"
[2022-03-20T17:48:44.924] [INFO] http - ::1 - - "POST /users/login HTTP/1.1" 200 246 "" "PostmanRuntime/7.6.0"
[2022-03-20T18:03:26.662] [ERROR] http - ::1 - - "POST /articles HTTP/1.1" 401 59 "" "PostmanRuntime/7.6.0"
[2022-03-20T18:03:45.385] [INFO] http - ::1 - - "POST /users/login HTTP/1.1" 200 246 "" "PostmanRuntime/7.6.0"
[2022-03-20T18:04:12.016] [ERROR] http - ::1 - - "POST /articles HTTP/1.1" 401 59 "" "PostmanRuntime/7.6.0"
[2022-03-20T18:04:40.314] [ERROR] http - ::1 - - "POST /articles HTTP/1.1" 401 115 "" "PostmanRuntime/7.6.0"
[2022-03-20T18:05:10.459] [ERROR] http - ::1 - - "POST /articles HTTP/1.1" 401 115 "" "PostmanRuntime/7.6.0"
[2022-03-20T18:05:16.079] [ERROR] http - ::1 - - "POST /articles HTTP/1.1" 401 115 "" "PostmanRuntime/7.6.0"
[2022-03-20T18:05:59.427] [ERROR] http - ::1 - - "POST /articles HTTP/1.1" 401 59 "" "PostmanRuntime/7.6.0"
[2022-03-20T18:06:02.678] [ERROR] http - ::1 - - "POST /articles HTTP/1.1" 401 59 "" "PostmanRuntime/7.6.0"
[2022-03-20T18:06:07.023] [ERROR] http - ::1 - - "POST /articles HTTP/1.1" 401 59 "" "PostmanRuntime/7.6.0"
[2022-03-20T18:06:07.821] [ERROR] http - ::1 - - "POST /articles HTTP/1.1" 401 59 "" "PostmanRuntime/7.6.0"
[2022-03-20T18:06:08.377] [ERROR] http - ::1 - - "POST /articles HTTP/1.1" 401 59 "" "PostmanRuntime/7.6.0"
[2022-03-20T18:06:08.894] [ERROR] http - ::1 - - "POST /articles HTTP/1.1" 401 59 "" "PostmanRuntime/7.6.0"
[2022-03-20T18:06:30.554] [INFO] http - ::1 - - "POST /users/login HTTP/1.1" 200 246 "" "PostmanRuntime/7.6.0"
[2022-03-20T18:06:43.609] [ERROR] http - ::1 - - "POST /articles HTTP/1.1" 401 59 "" "PostmanRuntime/7.6.0"
[2022-03-20T18:08:15.274] [ERROR] http - ::1 - - "POST /articles HTTP/1.1" 401 59 "" "PostmanRuntime/7.6.0"
[2022-03-20T18:08:29.951] [INFO] http - ::1 - - "POST /articles HTTP/1.1" 200 46 "" "PostmanRuntime/7.6.0"
[2022-03-20T18:09:00.387] [ERROR] http - ::1 - - "POST /articles HTTP/1.1" 401 115 "" "PostmanRuntime/7.6.0"
[2022-03-20T18:09:11.711] [INFO] http - ::1 - - "POST /articles HTTP/1.1" 200 46 "" "PostmanRuntime/7.6.0"
[2022-03-20T18:10:52.248] [INFO] http - ::1 - - "POST /articles HTTP/1.1" 200 111 "" "PostmanRuntime/7.6.0"
[2022-03-20T18:12:47.161] [INFO] http - ::1 - - "POST /articles HTTP/1.1" 200 44 "" "PostmanRuntime/7.6.0"
[2022-03-20T18:12:55.308] [INFO] http - ::1 - - "POST /articles HTTP/1.1" 200 111 "" "PostmanRuntime/7.6.0"
[2022-03-20T18:14:41.405] [ERROR] http - ::1 - - "POST /articles HTTP/1.1" 500 56 "" "PostmanRuntime/7.6.0"
[2022-03-20T18:14:52.400] [ERROR] http - ::1 - - "POST /articles HTTP/1.1" 500 56 "" "PostmanRuntime/7.6.0"
[2022-03-20T18:15:13.147] [INFO] http - ::1 - - "POST /articles HTTP/1.1" 200 111 "" "PostmanRuntime/7.6.0"
[2022-03-20T18:27:49.334] [ERROR] http - ::1 - - "POST /articles HTTP/1.1" 400 76 "" "PostmanRuntime/7.6.0"
[2022-03-20T18:28:10.112] [ERROR] http - ::1 - - "POST /articles HTTP/1.1" 400 101 "" "PostmanRuntime/7.6.0"
[2022-03-20T18:28:18.350] [INFO] http - ::1 - - "POST /articles HTTP/1.1" 200 100 "" "PostmanRuntime/7.6.0"
[2022-03-20T18:34:39.716] [INFO] http - ::1 - - "POST /articles HTTP/1.1" 200 178 "" "PostmanRuntime/7.6.0"
[2022-03-20T18:35:06.535] [INFO] http - ::1 - - "POST /articles HTTP/1.1" 200 174 "" "PostmanRuntime/7.6.0"
[2022-03-20T19:54:01.693] [ERROR] http - ::1 - - "GET /articles HTTP/1.1" 404 55 "" "PostmanRuntime/7.6.0"
[2022-03-20T19:55:24.972] [INFO] http - ::1 - - "GET /articles HTTP/1.1" 200 4 "" "PostmanRuntime/7.6.0"
[2022-03-20T19:55:45.291] [INFO] http - ::1 - - "GET /articles HTTP/1.1" 200 44 "" "PostmanRuntime/7.6.0"
[2022-03-20T20:06:06.299] [INFO] http - ::1 - - "GET /articles HTTP/1.1" 200 336 "" "PostmanRuntime/7.6.0"
[2022-03-20T20:11:06.017] [INFO] http - ::1 - - "GET /articles?limit=1 HTTP/1.1" 200 336 "" "PostmanRuntime/7.6.0"
[2022-03-20T20:11:28.523] [INFO] http - ::1 - - "POST /articles HTTP/1.1" 200 183 "" "PostmanRuntime/7.6.0"
[2022-03-20T20:11:41.457] [INFO] http - ::1 - - "POST /articles HTTP/1.1" 200 178 "" "PostmanRuntime/7.6.0"
[2022-03-20T20:11:53.271] [INFO] http - ::1 - - "GET /articles?limit=1 HTTP/1.1" 200 623 "" "PostmanRuntime/7.6.0"
[2022-03-20T20:12:27.252] [INFO] http - ::1 - - "GET /articles?limit=1&page=2 HTTP/1.1" 200 623 "" "PostmanRuntime/7.6.0"
[2022-03-20T20:22:17.787] [INFO] http - ::1 - - "GET /articles?limit=1&page=2 HTTP/1.1" 200 623 "" "PostmanRuntime/7.6.0"
[2022-03-20T20:31:03.508] [INFO] http - ::1 - - "GET /articles?limit=1&page=2 HTTP/1.1" 200 204 "" "PostmanRuntime/7.6.0"
[2022-03-20T20:31:28.799] [ERROR] http - ::1 - - "GET /articles?limit=1&page=0 HTTP/1.1" 400 84 "" "PostmanRuntime/7.6.0"
[2022-03-20T20:31:33.720] [INFO] http - ::1 - - "GET /articles?limit=1&page=1 HTTP/1.1" 200 199 "" "PostmanRuntime/7.6.0"
[2022-03-20T20:31:58.699] [INFO] http - ::1 - - "GET /articles?limit=2&page=1 HTTP/1.1" 200 345 "" "PostmanRuntime/7.6.0"
[2022-03-20T20:32:22.890] [INFO] http - ::1 - - "GET /articles?limit=2&page=2 HTTP/1.1" 200 336 "" "PostmanRuntime/7.6.0"
[2022-03-20T20:34:05.371] [INFO] http - ::1 - - "GET /articles?limit=6&page=1 HTTP/1.1" 200 623 "" "PostmanRuntime/7.6.0"
[2022-03-20T20:34:22.488] [INFO] http - ::1 - - "GET /articles?limit=6&page=1 HTTP/1.1" 200 623 "" "PostmanRuntime/7.6.0"
[2022-03-20T20:34:34.569] [INFO] http - ::1 - - "GET /articles?limit=1&page=2 HTTP/1.1" 200 204 "" "PostmanRuntime/7.6.0"
[2022-03-20T20:34:40.793] [INFO] http - ::1 - - "GET /articles?limit=1&page=3 HTTP/1.1" 200 195 "" "PostmanRuntime/7.6.0"
[2022-03-20T20:34:44.933] [INFO] http - ::1 - - "GET /articles?limit=1&page=4 HTTP/1.1" 200 199 "" "PostmanRuntime/7.6.0"
[2022-03-20T20:34:49.530] [INFO] http - ::1 - - "GET /articles?limit=1&page=1 HTTP/1.1" 200 199 "" "PostmanRuntime/7.6.0"
[2022-03-20T20:34:54.795] [INFO] http - ::1 - - "GET /articles?limit=2&page=2 HTTP/1.1" 200 341 "" "PostmanRuntime/7.6.0"
[2022-03-20T20:35:26.551] [INFO] http - ::1 - - "GET /articles?limit=2&page=2 HTTP/1.1" 200 341 "" "PostmanRuntime/7.6.0"
[2022-03-20T20:37:41.970] [INFO] http - ::1 - - "GET /articles?limit=4&page=1&type=blog HTTP/1.1" 200 341 "" "PostmanRuntime/7.6.0"
[2022-03-20T20:37:49.002] [INFO] http - ::1 - - "GET /articles?limit=4&page=1&type=book HTTP/1.1" 200 340 "" "PostmanRuntime/7.6.0"
[2022-03-20T20:40:20.635] [ERROR] http - ::1 - - "GET /articles?limit=4&page=1&type=boo432141324 HTTP/1.1" 400 102 "" "PostmanRuntime/7.6.0"
[2022-03-20T20:45:43.694] [INFO] http - ::1 - - "POST /articles HTTP/1.1" 200 178 "" "PostmanRuntime/7.6.0"
[2022-03-20T20:47:47.512] [ERROR] http - ::1 - - "POST /articles HTTP/1.1" 400 76 "" "PostmanRuntime/7.6.0"
[2022-03-20T20:48:06.278] [ERROR] http - ::1 - - "POST /articles HTTP/1.1" 400 76 "" "PostmanRuntime/7.6.0"
[2022-03-20T20:50:12.180] [INFO] http - ::1 - - "GET /articles/2 HTTP/1.1" 200 41 "" "PostmanRuntime/7.6.0"
[2022-03-20T20:51:03.328] [INFO] http - ::1 - - "GET /articles/2 HTTP/1.1" 200 41 "" "PostmanRuntime/7.6.0"
[2022-03-20T20:56:27.179] [INFO] http - ::1 - - "GET /articles/33424 HTTP/1.1" 200 50 "" "PostmanRuntime/7.6.0"
[2022-03-20T20:56:42.545] [INFO] http - ::1 - - "GET /articles/111 HTTP/1.1" 200 48 "" "PostmanRuntime/7.6.0"
[2022-03-20T20:57:39.369] [INFO] http - ::1 - - "GET /articles/43214132 HTTP/1.1" 200 46 "" "PostmanRuntime/7.6.0"
[2022-03-20T20:59:44.684] [INFO] http - ::1 - - "GET /articles/43214132 HTTP/1.1" 200 42 "" "PostmanRuntime/7.6.0"
[2022-03-20T20:59:53.036] [INFO] http - ::1 - - "GET /articles/1 HTTP/1.1" 200 178 "" "PostmanRuntime/7.6.0"
[2022-03-20T21:09:13.177] [ERROR] http - ::1 - - "GET /articles/7 HTTP/1.1" 404 73 "" "PostmanRuntime/7.6.0"
[2022-03-20T21:10:52.898] [ERROR] http - ::1 - - "GET /articles/7 HTTP/1.1" 404 73 "" "PostmanRuntime/7.6.0"
[2022-03-20T21:10:55.756] [INFO] http - ::1 - - "GET /articles/2 HTTP/1.1" 200 174 "" "PostmanRuntime/7.6.0"
[2022-03-20T21:11:12.274] [INFO] http - ::1 - - "GET /articles/2 HTTP/1.1" 200 350 "" "PostmanRuntime/7.6.0"
[2022-03-20T21:13:12.847] [ERROR] http - ::1 - - "GET /articles/2 HTTP/1.1" 500 65 "" "PostmanRuntime/7.6.0"
[2022-03-20T21:13:41.230] [INFO] http - ::1 - - "GET /articles/2 HTTP/1.1" 200 272 "" "PostmanRuntime/7.6.0"
[2022-03-20T21:18:28.042] [ERROR] http - ::1 - - "PUT /articles/1 HTTP/1.1" 401 59 "" "PostmanRuntime/7.6.0"
[2022-03-20T21:19:02.345] [ERROR] http - ::1 - - "PUT /articles/1 HTTP/1.1" 404 55 "" "PostmanRuntime/7.6.0"
[2022-03-20T22:10:22.956] [INFO] http - ::1 - - "PUT /articles/1 HTTP/1.1" 200 44 "" "PostmanRuntime/7.6.0"
